2023-10-27 13:36:48,725 [1] INFO /Users/aitor/MEGA/Ciclo/2º/02_Desarollo de interfaces DAM/Tema 2 - POO/Hundir la Flota/HundirLaFlota/Tablero.cs - O . . . . . . . . . 
2023-10-27 13:36:48,757 [1] INFO /Users/aitor/MEGA/Ciclo/2º/02_Desarollo de interfaces DAM/Tema 2 - POO/Hundir la Flota/HundirLaFlota/Tablero.cs - . . . . . . . . . . 
2023-10-27 13:36:48,757 [1] INFO /Users/aitor/MEGA/Ciclo/2º/02_Desarollo de interfaces DAM/Tema 2 - POO/Hundir la Flota/HundirLaFlota/Tablero.cs - . . . . . . . . . . 
2023-10-27 13:36:48,757 [1] INFO /Users/aitor/MEGA/Ciclo/2º/02_Desarollo de interfaces DAM/Tema 2 - POO/Hundir la Flota/HundirLaFlota/Tablero.cs - . . . . . . . . . . 
2023-10-27 13:36:48,757 [1] INFO /Users/aitor/MEGA/Ciclo/2º/02_Desarollo de interfaces DAM/Tema 2 - POO/Hundir la Flota/HundirLaFlota/Tablero.cs - . . . . . . . . . . 
2023-10-27 13:36:48,757 [1] INFO /Users/aitor/MEGA/Ciclo/2º/02_Desarollo de interfaces DAM/Tema 2 - POO/Hundir la Flota/HundirLaFlota/Tablero.cs - . . . . . . . . . . 
2023-10-27 13:36:48,757 [1] INFO /Users/aitor/MEGA/Ciclo/2º/02_Desarollo de interfaces DAM/Tema 2 - POO/Hundir la Flota/HundirLaFlota/Tablero.cs - . . . . . . . . . . 
2023-10-27 13:36:48,757 [1] INFO /Users/aitor/MEGA/Ciclo/2º/02_Desarollo de interfaces DAM/Tema 2 - POO/Hundir la Flota/HundirLaFlota/Tablero.cs - . . . . . . . . . . 
2023-10-27 13:36:48,757 [1] INFO /Users/aitor/MEGA/Ciclo/2º/02_Desarollo de interfaces DAM/Tema 2 - POO/Hundir la Flota/HundirLaFlota/Tablero.cs - . . . . . . . . . . 
2023-10-27 13:36:48,757 [1] INFO /Users/aitor/MEGA/Ciclo/2º/02_Desarollo de interfaces DAM/Tema 2 - POO/Hundir la Flota/HundirLaFlota/Tablero.cs - . . . . . . . . . . 
2023-10-27 13:37:08,116 [1] INFO /Users/aitor/MEGA/Ciclo/2º/02_Desarollo de interfaces DAM/Tema 2 - POO/Hundir la Flota/HundirLaFlota/Tablero.cs - O . . . . . . . . . 
2023-10-27 13:37:08,116 [1] INFO /Users/aitor/MEGA/Ciclo/2º/02_Desarollo de interfaces DAM/Tema 2 - POO/Hundir la Flota/HundirLaFlota/Tablero.cs - . . . . . . . . . . 
2023-10-27 13:37:08,116 [1] INFO /Users/aitor/MEGA/Ciclo/2º/02_Desarollo de interfaces DAM/Tema 2 - POO/Hundir la Flota/HundirLaFlota/Tablero.cs - . . . . . . . . . . 
2023-10-27 13:37:08,116 [1] INFO /Users/aitor/MEGA/Ciclo/2º/02_Desarollo de interfaces DAM/Tema 2 - POO/Hundir la Flota/HundirLaFlota/Tablero.cs - . . . . . . . . . . 
2023-10-27 13:37:08,116 [1] INFO /Users/aitor/MEGA/Ciclo/2º/02_Desarollo de interfaces DAM/Tema 2 - POO/Hundir la Flota/HundirLaFlota/Tablero.cs - . . . . . . . . . . 
2023-10-27 13:37:08,116 [1] INFO /Users/aitor/MEGA/Ciclo/2º/02_Desarollo de interfaces DAM/Tema 2 - POO/Hundir la Flota/HundirLaFlota/Tablero.cs - . . . . . . . . . . 
2023-10-27 13:37:08,117 [1] INFO /Users/aitor/MEGA/Ciclo/2º/02_Desarollo de interfaces DAM/Tema 2 - POO/Hundir la Flota/HundirLaFlota/Tablero.cs - . . . . . . . . . . 
2023-10-27 13:37:08,117 [1] INFO /Users/aitor/MEGA/Ciclo/2º/02_Desarollo de interfaces DAM/Tema 2 - POO/Hundir la Flota/HundirLaFlota/Tablero.cs - . . . . . . . . . . 
2023-10-27 13:37:08,117 [1] INFO /Users/aitor/MEGA/Ciclo/2º/02_Desarollo de interfaces DAM/Tema 2 - POO/Hundir la Flota/HundirLaFlota/Tablero.cs - . . . . . . . . . . 
2023-10-27 13:37:08,117 [1] INFO /Users/aitor/MEGA/Ciclo/2º/02_Desarollo de interfaces DAM/Tema 2 - POO/Hundir la Flota/HundirLaFlota/Tablero.cs - . . . . . . . . . . 
2023-10-27 13:37:13,574 [1] INFO /Users/aitor/MEGA/Ciclo/2º/02_Desarollo de interfaces DAM/Tema 2 - POO/Hundir la Flota/HundirLaFlota/Tablero.cs - O . . . . . O O . . 
2023-10-27 13:37:13,574 [1] INFO /Users/aitor/MEGA/Ciclo/2º/02_Desarollo de interfaces DAM/Tema 2 - POO/Hundir la Flota/HundirLaFlota/Tablero.cs - . . . . . . . . . . 
2023-10-27 13:37:13,574 [1] INFO /Users/aitor/MEGA/Ciclo/2º/02_Desarollo de interfaces DAM/Tema 2 - POO/Hundir la Flota/HundirLaFlota/Tablero.cs - . . . . . . . . . . 
2023-10-27 13:37:13,575 [1] INFO /Users/aitor/MEGA/Ciclo/2º/02_Desarollo de interfaces DAM/Tema 2 - POO/Hundir la Flota/HundirLaFlota/Tablero.cs - . . . . . . . . . . 
2023-10-27 13:37:13,575 [1] INFO /Users/aitor/MEGA/Ciclo/2º/02_Desarollo de interfaces DAM/Tema 2 - POO/Hundir la Flota/HundirLaFlota/Tablero.cs - . . . . . . . . . . 
2023-10-27 13:37:13,575 [1] INFO /Users/aitor/MEGA/Ciclo/2º/02_Desarollo de interfaces DAM/Tema 2 - POO/Hundir la Flota/HundirLaFlota/Tablero.cs - . . . . . . . . . . 
2023-10-27 13:37:13,576 [1] INFO /Users/aitor/MEGA/Ciclo/2º/02_Desarollo de interfaces DAM/Tema 2 - POO/Hundir la Flota/HundirLaFlota/Tablero.cs - . . . . . . . . . . 
2023-10-27 13:37:13,576 [1] INFO /Users/aitor/MEGA/Ciclo/2º/02_Desarollo de interfaces DAM/Tema 2 - POO/Hundir la Flota/HundirLaFlota/Tablero.cs - . . . . . . . . . . 
2023-10-27 13:37:13,576 [1] INFO /Users/aitor/MEGA/Ciclo/2º/02_Desarollo de interfaces DAM/Tema 2 - POO/Hundir la Flota/HundirLaFlota/Tablero.cs - . . . . . . . . . . 
2023-10-27 13:37:13,576 [1] INFO /Users/aitor/MEGA/Ciclo/2º/02_Desarollo de interfaces DAM/Tema 2 - POO/Hundir la Flota/HundirLaFlota/Tablero.cs - . . . . . . . . . . 
2023-10-27 13:37:16,368 [1] INFO /Users/aitor/MEGA/Ciclo/2º/02_Desarollo de interfaces DAM/Tema 2 - POO/Hundir la Flota/HundirLaFlota/Tablero.cs - O . . . . . O O . . 
2023-10-27 13:37:16,368 [1] INFO /Users/aitor/MEGA/Ciclo/2º/02_Desarollo de interfaces DAM/Tema 2 - POO/Hundir la Flota/HundirLaFlota/Tablero.cs - . . . . . . . . . . 
2023-10-27 13:37:16,368 [1] INFO /Users/aitor/MEGA/Ciclo/2º/02_Desarollo de interfaces DAM/Tema 2 - POO/Hundir la Flota/HundirLaFlota/Tablero.cs - . . . . . . . . . . 
2023-10-27 13:37:16,368 [1] INFO /Users/aitor/MEGA/Ciclo/2º/02_Desarollo de interfaces DAM/Tema 2 - POO/Hundir la Flota/HundirLaFlota/Tablero.cs - . . . . . . . . . . 
2023-10-27 13:37:16,368 [1] INFO /Users/aitor/MEGA/Ciclo/2º/02_Desarollo de interfaces DAM/Tema 2 - POO/Hundir la Flota/HundirLaFlota/Tablero.cs - O O O . . . . . . . 
2023-10-27 13:37:16,368 [1] INFO /Users/aitor/MEGA/Ciclo/2º/02_Desarollo de interfaces DAM/Tema 2 - POO/Hundir la Flota/HundirLaFlota/Tablero.cs - . . . . . . . . . . 
2023-10-27 13:37:16,369 [1] INFO /Users/aitor/MEGA/Ciclo/2º/02_Desarollo de interfaces DAM/Tema 2 - POO/Hundir la Flota/HundirLaFlota/Tablero.cs - . . . . . . . . . . 
2023-10-27 13:37:16,369 [1] INFO /Users/aitor/MEGA/Ciclo/2º/02_Desarollo de interfaces DAM/Tema 2 - POO/Hundir la Flota/HundirLaFlota/Tablero.cs - . . . . . . . . . . 
2023-10-27 13:37:16,370 [1] INFO /Users/aitor/MEGA/Ciclo/2º/02_Desarollo de interfaces DAM/Tema 2 - POO/Hundir la Flota/HundirLaFlota/Tablero.cs - . . . . . . . . . . 
2023-10-27 13:37:16,370 [1] INFO /Users/aitor/MEGA/Ciclo/2º/02_Desarollo de interfaces DAM/Tema 2 - POO/Hundir la Flota/HundirLaFlota/Tablero.cs - . . . . . . . . . . 
2023-10-27 13:37:18,821 [1] INFO /Users/aitor/MEGA/Ciclo/2º/02_Desarollo de interfaces DAM/Tema 2 - POO/Hundir la Flota/HundirLaFlota/Tablero.cs - O . . . . . O O . . 
2023-10-27 13:37:18,821 [1] INFO /Users/aitor/MEGA/Ciclo/2º/02_Desarollo de interfaces DAM/Tema 2 - POO/Hundir la Flota/HundirLaFlota/Tablero.cs - . . . . . . . . . . 
2023-10-27 13:37:18,821 [1] INFO /Users/aitor/MEGA/Ciclo/2º/02_Desarollo de interfaces DAM/Tema 2 - POO/Hundir la Flota/HundirLaFlota/Tablero.cs - . . . . . . . . . . 
2023-10-27 13:37:18,821 [1] INFO /Users/aitor/MEGA/Ciclo/2º/02_Desarollo de interfaces DAM/Tema 2 - POO/Hundir la Flota/HundirLaFlota/Tablero.cs - . . . . . . . . . . 
2023-10-27 13:37:18,821 [1] INFO /Users/aitor/MEGA/Ciclo/2º/02_Desarollo de interfaces DAM/Tema 2 - POO/Hundir la Flota/HundirLaFlota/Tablero.cs - O O O . . . . . . . 
2023-10-27 13:37:18,821 [1] INFO /Users/aitor/MEGA/Ciclo/2º/02_Desarollo de interfaces DAM/Tema 2 - POO/Hundir la Flota/HundirLaFlota/Tablero.cs - . . . . . . . . . . 
2023-10-27 13:37:18,822 [1] INFO /Users/aitor/MEGA/Ciclo/2º/02_Desarollo de interfaces DAM/Tema 2 - POO/Hundir la Flota/HundirLaFlota/Tablero.cs - . . . . . . . . . . 
2023-10-27 13:37:18,822 [1] INFO /Users/aitor/MEGA/Ciclo/2º/02_Desarollo de interfaces DAM/Tema 2 - POO/Hundir la Flota/HundirLaFlota/Tablero.cs - . . . . . . . . . . 
2023-10-27 13:37:18,822 [1] INFO /Users/aitor/MEGA/Ciclo/2º/02_Desarollo de interfaces DAM/Tema 2 - POO/Hundir la Flota/HundirLaFlota/Tablero.cs - O O O O . . . . . . 
2023-10-27 13:37:18,822 [1] INFO /Users/aitor/MEGA/Ciclo/2º/02_Desarollo de interfaces DAM/Tema 2 - POO/Hundir la Flota/HundirLaFlota/Tablero.cs - . . . . . . . . . . 
2023-10-27 13:37:21,762 [1] INFO /Users/aitor/MEGA/Ciclo/2º/02_Desarollo de interfaces DAM/Tema 2 - POO/Hundir la Flota/HundirLaFlota/Tablero.cs - O . . . . . O O . . 
2023-10-27 13:37:21,762 [1] INFO /Users/aitor/MEGA/Ciclo/2º/02_Desarollo de interfaces DAM/Tema 2 - POO/Hundir la Flota/HundirLaFlota/Tablero.cs - . . . . . . . . . . 
2023-10-27 13:37:21,762 [1] INFO /Users/aitor/MEGA/Ciclo/2º/02_Desarollo de interfaces DAM/Tema 2 - POO/Hundir la Flota/HundirLaFlota/Tablero.cs - . . . . . . . . . . 
2023-10-27 13:37:21,762 [1] INFO /Users/aitor/MEGA/Ciclo/2º/02_Desarollo de interfaces DAM/Tema 2 - POO/Hundir la Flota/HundirLaFlota/Tablero.cs - . . . . . . . . . . 
2023-10-27 13:37:21,762 [1] INFO /Users/aitor/MEGA/Ciclo/2º/02_Desarollo de interfaces DAM/Tema 2 - POO/Hundir la Flota/HundirLaFlota/Tablero.cs - O O O . . . . . . . 
2023-10-27 13:37:21,762 [1] INFO /Users/aitor/MEGA/Ciclo/2º/02_Desarollo de interfaces DAM/Tema 2 - POO/Hundir la Flota/HundirLaFlota/Tablero.cs - . . . . . . . . . . 
2023-10-27 13:37:21,762 [1] INFO /Users/aitor/MEGA/Ciclo/2º/02_Desarollo de interfaces DAM/Tema 2 - POO/Hundir la Flota/HundirLaFlota/Tablero.cs - . . . . . . . . . . 
2023-10-27 13:37:21,765 [1] INFO /Users/aitor/MEGA/Ciclo/2º/02_Desarollo de interfaces DAM/Tema 2 - POO/Hundir la Flota/HundirLaFlota/Tablero.cs - . . . . . . . . . . 
2023-10-27 13:37:21,765 [1] INFO /Users/aitor/MEGA/Ciclo/2º/02_Desarollo de interfaces DAM/Tema 2 - POO/Hundir la Flota/HundirLaFlota/Tablero.cs - O O O O . . . . . . 
2023-10-27 13:37:21,765 [1] INFO /Users/aitor/MEGA/Ciclo/2º/02_Desarollo de interfaces DAM/Tema 2 - POO/Hundir la Flota/HundirLaFlota/Tablero.cs - O O O O O . . . . . 
2023-10-27 13:37:21,765 [1] INFO /Users/aitor/MEGA/Ciclo/2º/02_Desarollo de interfaces DAM/Tema 2 - POO/Hundir la Flota/HundirLaFlota/Tablero.cs - O . . . . . O O . . 
2023-10-27 13:37:21,765 [1] INFO /Users/aitor/MEGA/Ciclo/2º/02_Desarollo de interfaces DAM/Tema 2 - POO/Hundir la Flota/HundirLaFlota/Tablero.cs - . . . . . . . . . . 
2023-10-27 13:37:21,765 [1] INFO /Users/aitor/MEGA/Ciclo/2º/02_Desarollo de interfaces DAM/Tema 2 - POO/Hundir la Flota/HundirLaFlota/Tablero.cs - . . . . . . . . . . 
2023-10-27 13:37:21,782 [1] INFO /Users/aitor/MEGA/Ciclo/2º/02_Desarollo de interfaces DAM/Tema 2 - POO/Hundir la Flota/HundirLaFlota/Tablero.cs - . . . . . . . . . . 
2023-10-27 13:37:21,782 [1] INFO /Users/aitor/MEGA/Ciclo/2º/02_Desarollo de interfaces DAM/Tema 2 - POO/Hundir la Flota/HundirLaFlota/Tablero.cs - O O O . . . . . . . 
2023-10-27 13:37:21,782 [1] INFO /Users/aitor/MEGA/Ciclo/2º/02_Desarollo de interfaces DAM/Tema 2 - POO/Hundir la Flota/HundirLaFlota/Tablero.cs - . . . . . . . . . . 
2023-10-27 13:37:21,782 [1] INFO /Users/aitor/MEGA/Ciclo/2º/02_Desarollo de interfaces DAM/Tema 2 - POO/Hundir la Flota/HundirLaFlota/Tablero.cs - . . . . . . . . . . 
2023-10-27 13:37:21,782 [1] INFO /Users/aitor/MEGA/Ciclo/2º/02_Desarollo de interfaces DAM/Tema 2 - POO/Hundir la Flota/HundirLaFlota/Tablero.cs - . . . . . . . . . . 
2023-10-27 13:37:21,782 [1] INFO /Users/aitor/MEGA/Ciclo/2º/02_Desarollo de interfaces DAM/Tema 2 - POO/Hundir la Flota/HundirLaFlota/Tablero.cs - O O O O . . . . . . 
2023-10-27 13:37:21,790 [1] INFO /Users/aitor/MEGA/Ciclo/2º/02_Desarollo de interfaces DAM/Tema 2 - POO/Hundir la Flota/HundirLaFlota/Tablero.cs - O O O O O . . . . . 
2023-10-27 13:37:21,791 [1] INFO /Users/aitor/MEGA/Ciclo/2º/02_Desarollo de interfaces DAM/Tema 2 - POO/Hundir la Flota/HundirLaFlota/Tablero.cs - . . . . . . . . . . 
2023-10-27 13:37:21,791 [1] INFO /Users/aitor/MEGA/Ciclo/2º/02_Desarollo de interfaces DAM/Tema 2 - POO/Hundir la Flota/HundirLaFlota/Tablero.cs - . . . . . . . . . . 
2023-10-27 13:37:21,791 [1] INFO /Users/aitor/MEGA/Ciclo/2º/02_Desarollo de interfaces DAM/Tema 2 - POO/Hundir la Flota/HundirLaFlota/Tablero.cs - . . . . . . . . . . 
2023-10-27 13:37:21,791 [1] INFO /Users/aitor/MEGA/Ciclo/2º/02_Desarollo de interfaces DAM/Tema 2 - POO/Hundir la Flota/HundirLaFlota/Tablero.cs - . . . . . . . . . . 
2023-10-27 13:37:21,796 [1] INFO /Users/aitor/MEGA/Ciclo/2º/02_Desarollo de interfaces DAM/Tema 2 - POO/Hundir la Flota/HundirLaFlota/Tablero.cs - . . . . . . . . . . 
2023-10-27 13:37:21,796 [1] INFO /Users/aitor/MEGA/Ciclo/2º/02_Desarollo de interfaces DAM/Tema 2 - POO/Hundir la Flota/HundirLaFlota/Tablero.cs - . . . . . . . . . . 
2023-10-27 13:37:21,796 [1] INFO /Users/aitor/MEGA/Ciclo/2º/02_Desarollo de interfaces DAM/Tema 2 - POO/Hundir la Flota/HundirLaFlota/Tablero.cs - . . . . . . . . . . 
2023-10-27 13:37:21,796 [1] INFO /Users/aitor/MEGA/Ciclo/2º/02_Desarollo de interfaces DAM/Tema 2 - POO/Hundir la Flota/HundirLaFlota/Tablero.cs - . . . . . . . . . . 
2023-10-27 13:37:21,796 [1] INFO /Users/aitor/MEGA/Ciclo/2º/02_Desarollo de interfaces DAM/Tema 2 - POO/Hundir la Flota/HundirLaFlota/Tablero.cs - . . . . . . . . . . 
2023-10-27 13:37:21,796 [1] INFO /Users/aitor/MEGA/Ciclo/2º/02_Desarollo de interfaces DAM/Tema 2 - POO/Hundir la Flota/HundirLaFlota/Tablero.cs - . . . . . . . . . . 
2023-10-27 13:37:23,670 [1] INFO /Users/aitor/MEGA/Ciclo/2º/02_Desarollo de interfaces DAM/Tema 2 - POO/Hundir la Flota/HundirLaFlota/Tablero.cs - . . . . . . . . . . 
2023-10-27 13:37:23,671 [1] INFO /Users/aitor/MEGA/Ciclo/2º/02_Desarollo de interfaces DAM/Tema 2 - POO/Hundir la Flota/HundirLaFlota/Tablero.cs - . . . . . . . . . . 
2023-10-27 13:37:23,671 [1] INFO /Users/aitor/MEGA/Ciclo/2º/02_Desarollo de interfaces DAM/Tema 2 - POO/Hundir la Flota/HundirLaFlota/Tablero.cs - . . . . . . . . . . 
2023-10-27 13:37:23,671 [1] INFO /Users/aitor/MEGA/Ciclo/2º/02_Desarollo de interfaces DAM/Tema 2 - POO/Hundir la Flota/HundirLaFlota/Tablero.cs - . . . . . . . . . . 
2023-10-27 13:37:23,671 [1] INFO /Users/aitor/MEGA/Ciclo/2º/02_Desarollo de interfaces DAM/Tema 2 - POO/Hundir la Flota/HundirLaFlota/Tablero.cs - . . . . . . . . . . 
2023-10-27 13:37:23,671 [1] INFO /Users/aitor/MEGA/Ciclo/2º/02_Desarollo de interfaces DAM/Tema 2 - POO/Hundir la Flota/HundirLaFlota/Tablero.cs - . . . . . . . . . . 
2023-10-27 13:37:23,671 [1] INFO /Users/aitor/MEGA/Ciclo/2º/02_Desarollo de interfaces DAM/Tema 2 - POO/Hundir la Flota/HundirLaFlota/Tablero.cs - . . . . . . . . . . 
2023-10-27 13:37:23,671 [1] INFO /Users/aitor/MEGA/Ciclo/2º/02_Desarollo de interfaces DAM/Tema 2 - POO/Hundir la Flota/HundirLaFlota/Tablero.cs - . . . . . . . . . . 
2023-10-27 13:37:23,673 [1] INFO /Users/aitor/MEGA/Ciclo/2º/02_Desarollo de interfaces DAM/Tema 2 - POO/Hundir la Flota/HundirLaFlota/Tablero.cs - . . . . . . . . . . 
2023-10-27 13:37:23,673 [1] INFO /Users/aitor/MEGA/Ciclo/2º/02_Desarollo de interfaces DAM/Tema 2 - POO/Hundir la Flota/HundirLaFlota/Tablero.cs - . . . . . . . . . . 
2023-10-27 13:37:32,304 [1] INFO /Users/aitor/MEGA/Ciclo/2º/02_Desarollo de interfaces DAM/Tema 2 - POO/Hundir la Flota/HundirLaFlota/Tablero.cs - Fila 0, Columna 0: Barco
2023-10-27 13:37:32,306 [1] INFO /Users/aitor/MEGA/Ciclo/2º/02_Desarollo de interfaces DAM/Tema 2 - POO/Hundir la Flota/HundirLaFlota/Tablero.cs - Fila 0, Columna 6: Barco
2023-10-27 13:37:32,306 [1] INFO /Users/aitor/MEGA/Ciclo/2º/02_Desarollo de interfaces DAM/Tema 2 - POO/Hundir la Flota/HundirLaFlota/Tablero.cs - Fila 0, Columna 7: Barco
2023-10-27 13:37:32,306 [1] INFO /Users/aitor/MEGA/Ciclo/2º/02_Desarollo de interfaces DAM/Tema 2 - POO/Hundir la Flota/HundirLaFlota/Tablero.cs - Fila 2, Columna 4: Agua
2023-10-27 13:37:32,306 [1] INFO /Users/aitor/MEGA/Ciclo/2º/02_Desarollo de interfaces DAM/Tema 2 - POO/Hundir la Flota/HundirLaFlota/Tablero.cs - Fila 4, Columna 0: Barco
2023-10-27 13:37:32,306 [1] INFO /Users/aitor/MEGA/Ciclo/2º/02_Desarollo de interfaces DAM/Tema 2 - POO/Hundir la Flota/HundirLaFlota/Tablero.cs - Fila 4, Columna 1: Barco
2023-10-27 13:37:32,306 [1] INFO /Users/aitor/MEGA/Ciclo/2º/02_Desarollo de interfaces DAM/Tema 2 - POO/Hundir la Flota/HundirLaFlota/Tablero.cs - Fila 4, Columna 2: Barco
2023-10-27 13:37:32,307 [1] INFO /Users/aitor/MEGA/Ciclo/2º/02_Desarollo de interfaces DAM/Tema 2 - POO/Hundir la Flota/HundirLaFlota/Tablero.cs - Fila 8, Columna 0: Barco
2023-10-27 13:37:32,307 [1] INFO /Users/aitor/MEGA/Ciclo/2º/02_Desarollo de interfaces DAM/Tema 2 - POO/Hundir la Flota/HundirLaFlota/Tablero.cs - Fila 8, Columna 1: Barco
2023-10-27 13:37:32,307 [1] INFO /Users/aitor/MEGA/Ciclo/2º/02_Desarollo de interfaces DAM/Tema 2 - POO/Hundir la Flota/HundirLaFlota/Tablero.cs - Fila 8, Columna 2: Barco
2023-10-27 13:37:32,307 [1] INFO /Users/aitor/MEGA/Ciclo/2º/02_Desarollo de interfaces DAM/Tema 2 - POO/Hundir la Flota/HundirLaFlota/Tablero.cs - Fila 8, Columna 3: Barco
2023-10-27 13:37:32,307 [1] INFO /Users/aitor/MEGA/Ciclo/2º/02_Desarollo de interfaces DAM/Tema 2 - POO/Hundir la Flota/HundirLaFlota/Tablero.cs - Fila 9, Columna 0: Barco
2023-10-27 13:37:32,307 [1] INFO /Users/aitor/MEGA/Ciclo/2º/02_Desarollo de interfaces DAM/Tema 2 - POO/Hundir la Flota/HundirLaFlota/Tablero.cs - Fila 9, Columna 1: Barco
2023-10-27 13:37:32,307 [1] INFO /Users/aitor/MEGA/Ciclo/2º/02_Desarollo de interfaces DAM/Tema 2 - POO/Hundir la Flota/HundirLaFlota/Tablero.cs - Fila 9, Columna 2: Barco
2023-10-27 13:37:32,307 [1] INFO /Users/aitor/MEGA/Ciclo/2º/02_Desarollo de interfaces DAM/Tema 2 - POO/Hundir la Flota/HundirLaFlota/Tablero.cs - Fila 9, Columna 3: Barco
2023-10-27 13:37:32,307 [1] INFO /Users/aitor/MEGA/Ciclo/2º/02_Desarollo de interfaces DAM/Tema 2 - POO/Hundir la Flota/HundirLaFlota/Tablero.cs - Fila 9, Columna 4: Barco
2023-10-27 13:37:44,606 [1] INFO /Users/aitor/MEGA/Ciclo/2º/02_Desarollo de interfaces DAM/Tema 2 - POO/Hundir la Flota/HundirLaFlota/Tablero.cs - . . . . . . . . . . 
2023-10-27 13:37:44,607 [1] INFO /Users/aitor/MEGA/Ciclo/2º/02_Desarollo de interfaces DAM/Tema 2 - POO/Hundir la Flota/HundirLaFlota/Tablero.cs - . . . . . . . . . . 
2023-10-27 13:37:44,607 [1] INFO /Users/aitor/MEGA/Ciclo/2º/02_Desarollo de interfaces DAM/Tema 2 - POO/Hundir la Flota/HundirLaFlota/Tablero.cs - . . . . . . . . . . 
2023-10-27 13:37:44,607 [1] INFO /Users/aitor/MEGA/Ciclo/2º/02_Desarollo de interfaces DAM/Tema 2 - POO/Hundir la Flota/HundirLaFlota/Tablero.cs - . . . . . . . . . . 
2023-10-27 13:37:44,607 [1] INFO /Users/aitor/MEGA/Ciclo/2º/02_Desarollo de interfaces DAM/Tema 2 - POO/Hundir la Flota/HundirLaFlota/Tablero.cs - . . . . . . . . . . 
2023-10-27 13:37:44,607 [1] INFO /Users/aitor/MEGA/Ciclo/2º/02_Desarollo de interfaces DAM/Tema 2 - POO/Hundir la Flota/HundirLaFlota/Tablero.cs - . . . . . . . . . . 
2023-10-27 13:37:44,607 [1] INFO /Users/aitor/MEGA/Ciclo/2º/02_Desarollo de interfaces DAM/Tema 2 - POO/Hundir la Flota/HundirLaFlota/Tablero.cs - . . . . . . . . . . 
2023-10-27 13:37:44,607 [1] INFO /Users/aitor/MEGA/Ciclo/2º/02_Desarollo de interfaces DAM/Tema 2 - POO/Hundir la Flota/HundirLaFlota/Tablero.cs - . . . . . . . . . . 
2023-10-27 13:37:44,607 [1] INFO /Users/aitor/MEGA/Ciclo/2º/02_Desarollo de interfaces DAM/Tema 2 - POO/Hundir la Flota/HundirLaFlota/Tablero.cs - . . . . . . . . . . 
2023-10-27 13:37:44,607 [1] INFO /Users/aitor/MEGA/Ciclo/2º/02_Desarollo de interfaces DAM/Tema 2 - POO/Hundir la Flota/HundirLaFlota/Tablero.cs - . . . . . . . . . . 
2023-10-27 13:39:43,311 [1] INFO /Users/aitor/MEGA/Ciclo/2º/02_Desarollo de interfaces DAM/Tema 2 - POO/Hundir la Flota/HundirLaFlota/Tablero.cs - O . . . . . . . . . 
2023-10-27 13:39:43,344 [1] INFO /Users/aitor/MEGA/Ciclo/2º/02_Desarollo de interfaces DAM/Tema 2 - POO/Hundir la Flota/HundirLaFlota/Tablero.cs - . . . . . . . . . . 
2023-10-27 13:39:43,344 [1] INFO /Users/aitor/MEGA/Ciclo/2º/02_Desarollo de interfaces DAM/Tema 2 - POO/Hundir la Flota/HundirLaFlota/Tablero.cs - . . . . . . . . . . 
2023-10-27 13:39:43,344 [1] INFO /Users/aitor/MEGA/Ciclo/2º/02_Desarollo de interfaces DAM/Tema 2 - POO/Hundir la Flota/HundirLaFlota/Tablero.cs - . . . . . . . . . . 
2023-10-27 13:39:43,344 [1] INFO /Users/aitor/MEGA/Ciclo/2º/02_Desarollo de interfaces DAM/Tema 2 - POO/Hundir la Flota/HundirLaFlota/Tablero.cs - . . . . . . . . . . 
2023-10-27 13:39:43,345 [1] INFO /Users/aitor/MEGA/Ciclo/2º/02_Desarollo de interfaces DAM/Tema 2 - POO/Hundir la Flota/HundirLaFlota/Tablero.cs - . . . . . . . . . . 
2023-10-27 13:39:43,345 [1] INFO /Users/aitor/MEGA/Ciclo/2º/02_Desarollo de interfaces DAM/Tema 2 - POO/Hundir la Flota/HundirLaFlota/Tablero.cs - . . . . . . . . . . 
2023-10-27 13:39:43,345 [1] INFO /Users/aitor/MEGA/Ciclo/2º/02_Desarollo de interfaces DAM/Tema 2 - POO/Hundir la Flota/HundirLaFlota/Tablero.cs - . . . . . . . . . . 
2023-10-27 13:39:43,345 [1] INFO /Users/aitor/MEGA/Ciclo/2º/02_Desarollo de interfaces DAM/Tema 2 - POO/Hundir la Flota/HundirLaFlota/Tablero.cs - . . . . . . . . . . 
2023-10-27 13:39:43,345 [1] INFO /Users/aitor/MEGA/Ciclo/2º/02_Desarollo de interfaces DAM/Tema 2 - POO/Hundir la Flota/HundirLaFlota/Tablero.cs - . . . . . . . . . . 
2023-10-27 13:41:31,115 [1] INFO /Users/aitor/MEGA/Ciclo/2º/02_Desarollo de interfaces DAM/Tema 2 - POO/Hundir la Flota/HundirLaFlota/Tablero.cs - O . . . . . . . . . 
2023-10-27 13:41:31,116 [1] INFO /Users/aitor/MEGA/Ciclo/2º/02_Desarollo de interfaces DAM/Tema 2 - POO/Hundir la Flota/HundirLaFlota/Tablero.cs - . . . . . . . . . . 
2023-10-27 13:41:31,116 [1] INFO /Users/aitor/MEGA/Ciclo/2º/02_Desarollo de interfaces DAM/Tema 2 - POO/Hundir la Flota/HundirLaFlota/Tablero.cs - O O . . . . . . . . 
2023-10-27 13:41:31,116 [1] INFO /Users/aitor/MEGA/Ciclo/2º/02_Desarollo de interfaces DAM/Tema 2 - POO/Hundir la Flota/HundirLaFlota/Tablero.cs - . . . . . . . . . . 
2023-10-27 13:41:31,116 [1] INFO /Users/aitor/MEGA/Ciclo/2º/02_Desarollo de interfaces DAM/Tema 2 - POO/Hundir la Flota/HundirLaFlota/Tablero.cs - . . . . . . . . . . 
2023-10-27 13:41:31,116 [1] INFO /Users/aitor/MEGA/Ciclo/2º/02_Desarollo de interfaces DAM/Tema 2 - POO/Hundir la Flota/HundirLaFlota/Tablero.cs - . . . . . . . . . . 
2023-10-27 13:41:31,117 [1] INFO /Users/aitor/MEGA/Ciclo/2º/02_Desarollo de interfaces DAM/Tema 2 - POO/Hundir la Flota/HundirLaFlota/Tablero.cs - . . . . . . . . . . 
2023-10-27 13:41:31,117 [1] INFO /Users/aitor/MEGA/Ciclo/2º/02_Desarollo de interfaces DAM/Tema 2 - POO/Hundir la Flota/HundirLaFlota/Tablero.cs - . . . . . . . . . . 
2023-10-27 13:41:31,117 [1] INFO /Users/aitor/MEGA/Ciclo/2º/02_Desarollo de interfaces DAM/Tema 2 - POO/Hundir la Flota/HundirLaFlota/Tablero.cs - . . . . . . . . . . 
2023-10-27 13:41:31,117 [1] INFO /Users/aitor/MEGA/Ciclo/2º/02_Desarollo de interfaces DAM/Tema 2 - POO/Hundir la Flota/HundirLaFlota/Tablero.cs - . . . . . . . . . . 
2023-10-27 13:42:06,563 [1] INFO /Users/aitor/MEGA/Ciclo/2º/02_Desarollo de interfaces DAM/Tema 2 - POO/Hundir la Flota/HundirLaFlota/Tablero.cs - O . . . . . . . . . 
2023-10-27 13:42:06,563 [1] INFO /Users/aitor/MEGA/Ciclo/2º/02_Desarollo de interfaces DAM/Tema 2 - POO/Hundir la Flota/HundirLaFlota/Tablero.cs - . . . . . . . . . . 
2023-10-27 13:42:06,563 [1] INFO /Users/aitor/MEGA/Ciclo/2º/02_Desarollo de interfaces DAM/Tema 2 - POO/Hundir la Flota/HundirLaFlota/Tablero.cs - O O . . . . . . . . 
2023-10-27 13:42:06,563 [1] INFO /Users/aitor/MEGA/Ciclo/2º/02_Desarollo de interfaces DAM/Tema 2 - POO/Hundir la Flota/HundirLaFlota/Tablero.cs - . . . . . . . . . . 
2023-10-27 13:42:06,563 [1] INFO /Users/aitor/MEGA/Ciclo/2º/02_Desarollo de interfaces DAM/Tema 2 - POO/Hundir la Flota/HundirLaFlota/Tablero.cs - O O O . . . . . . . 
2023-10-27 13:42:06,563 [1] INFO /Users/aitor/MEGA/Ciclo/2º/02_Desarollo de interfaces DAM/Tema 2 - POO/Hundir la Flota/HundirLaFlota/Tablero.cs - . . . . . . . . . . 
2023-10-27 13:42:06,565 [1] INFO /Users/aitor/MEGA/Ciclo/2º/02_Desarollo de interfaces DAM/Tema 2 - POO/Hundir la Flota/HundirLaFlota/Tablero.cs - . . . . . . . . . . 
2023-10-27 13:42:06,565 [1] INFO /Users/aitor/MEGA/Ciclo/2º/02_Desarollo de interfaces DAM/Tema 2 - POO/Hundir la Flota/HundirLaFlota/Tablero.cs - . . . . . . . . . . 
2023-10-27 13:42:06,566 [1] INFO /Users/aitor/MEGA/Ciclo/2º/02_Desarollo de interfaces DAM/Tema 2 - POO/Hundir la Flota/HundirLaFlota/Tablero.cs - . . . . . . . . . . 
2023-10-27 13:42:06,566 [1] INFO /Users/aitor/MEGA/Ciclo/2º/02_Desarollo de interfaces DAM/Tema 2 - POO/Hundir la Flota/HundirLaFlota/Tablero.cs - . . . . . . . . . . 
2023-10-27 13:42:09,247 [1] INFO /Users/aitor/MEGA/Ciclo/2º/02_Desarollo de interfaces DAM/Tema 2 - POO/Hundir la Flota/HundirLaFlota/Tablero.cs - O . . . . . . . . . 
2023-10-27 13:42:09,247 [1] INFO /Users/aitor/MEGA/Ciclo/2º/02_Desarollo de interfaces DAM/Tema 2 - POO/Hundir la Flota/HundirLaFlota/Tablero.cs - . . . . . . . . . . 
2023-10-27 13:42:09,247 [1] INFO /Users/aitor/MEGA/Ciclo/2º/02_Desarollo de interfaces DAM/Tema 2 - POO/Hundir la Flota/HundirLaFlota/Tablero.cs - O O . . . . . . . . 
2023-10-27 13:42:09,247 [1] INFO /Users/aitor/MEGA/Ciclo/2º/02_Desarollo de interfaces DAM/Tema 2 - POO/Hundir la Flota/HundirLaFlota/Tablero.cs - . . . . . . . . . . 
2023-10-27 13:42:09,247 [1] INFO /Users/aitor/MEGA/Ciclo/2º/02_Desarollo de interfaces DAM/Tema 2 - POO/Hundir la Flota/HundirLaFlota/Tablero.cs - O O O . . . . . . . 
2023-10-27 13:42:09,247 [1] INFO /Users/aitor/MEGA/Ciclo/2º/02_Desarollo de interfaces DAM/Tema 2 - POO/Hundir la Flota/HundirLaFlota/Tablero.cs - . . . . . . . . . . 
2023-10-27 13:42:09,248 [1] INFO /Users/aitor/MEGA/Ciclo/2º/02_Desarollo de interfaces DAM/Tema 2 - POO/Hundir la Flota/HundirLaFlota/Tablero.cs - O O O O . . . . . . 
2023-10-27 13:42:09,248 [1] INFO /Users/aitor/MEGA/Ciclo/2º/02_Desarollo de interfaces DAM/Tema 2 - POO/Hundir la Flota/HundirLaFlota/Tablero.cs - . . . . . . . . . . 
2023-10-27 13:42:09,248 [1] INFO /Users/aitor/MEGA/Ciclo/2º/02_Desarollo de interfaces DAM/Tema 2 - POO/Hundir la Flota/HundirLaFlota/Tablero.cs - . . . . . . . . . . 
2023-10-27 13:42:09,249 [1] INFO /Users/aitor/MEGA/Ciclo/2º/02_Desarollo de interfaces DAM/Tema 2 - POO/Hundir la Flota/HundirLaFlota/Tablero.cs - . . . . . . . . . . 
2023-10-27 13:42:10,848 [1] INFO /Users/aitor/MEGA/Ciclo/2º/02_Desarollo de interfaces DAM/Tema 2 - POO/Hundir la Flota/HundirLaFlota/Tablero.cs - O . . . . . . . . . 
2023-10-27 13:42:10,848 [1] INFO /Users/aitor/MEGA/Ciclo/2º/02_Desarollo de interfaces DAM/Tema 2 - POO/Hundir la Flota/HundirLaFlota/Tablero.cs - . . . . . . . . . . 
2023-10-27 13:42:10,848 [1] INFO /Users/aitor/MEGA/Ciclo/2º/02_Desarollo de interfaces DAM/Tema 2 - POO/Hundir la Flota/HundirLaFlota/Tablero.cs - O O . . . . . . . . 
2023-10-27 13:42:10,848 [1] INFO /Users/aitor/MEGA/Ciclo/2º/02_Desarollo de interfaces DAM/Tema 2 - POO/Hundir la Flota/HundirLaFlota/Tablero.cs - . . . . . . . . . . 
2023-10-27 13:42:10,848 [1] INFO /Users/aitor/MEGA/Ciclo/2º/02_Desarollo de interfaces DAM/Tema 2 - POO/Hundir la Flota/HundirLaFlota/Tablero.cs - O O O . . . . . . . 
2023-10-27 13:42:10,848 [1] INFO /Users/aitor/MEGA/Ciclo/2º/02_Desarollo de interfaces DAM/Tema 2 - POO/Hundir la Flota/HundirLaFlota/Tablero.cs - . . . . . . . . . . 
2023-10-27 13:42:10,848 [1] INFO /Users/aitor/MEGA/Ciclo/2º/02_Desarollo de interfaces DAM/Tema 2 - POO/Hundir la Flota/HundirLaFlota/Tablero.cs - O O O O . . . . . . 
2023-10-27 13:42:10,852 [1] INFO /Users/aitor/MEGA/Ciclo/2º/02_Desarollo de interfaces DAM/Tema 2 - POO/Hundir la Flota/HundirLaFlota/Tablero.cs - . . . . . . . . . . 
2023-10-27 13:42:10,852 [1] INFO /Users/aitor/MEGA/Ciclo/2º/02_Desarollo de interfaces DAM/Tema 2 - POO/Hundir la Flota/HundirLaFlota/Tablero.cs - O O O O O . . . . . 
2023-10-27 13:42:10,852 [1] INFO /Users/aitor/MEGA/Ciclo/2º/02_Desarollo de interfaces DAM/Tema 2 - POO/Hundir la Flota/HundirLaFlota/Tablero.cs - . . . . . . . . . . 
2023-10-27 13:42:10,852 [1] INFO /Users/aitor/MEGA/Ciclo/2º/02_Desarollo de interfaces DAM/Tema 2 - POO/Hundir la Flota/HundirLaFlota/Tablero.cs - O . . . . . . . . . 
2023-10-27 13:42:10,852 [1] INFO /Users/aitor/MEGA/Ciclo/2º/02_Desarollo de interfaces DAM/Tema 2 - POO/Hundir la Flota/HundirLaFlota/Tablero.cs - . . . . . . . . . . 
2023-10-27 13:42:10,852 [1] INFO /Users/aitor/MEGA/Ciclo/2º/02_Desarollo de interfaces DAM/Tema 2 - POO/Hundir la Flota/HundirLaFlota/Tablero.cs - O O . . . . . . . . 
2023-10-27 13:42:10,861 [1] INFO /Users/aitor/MEGA/Ciclo/2º/02_Desarollo de interfaces DAM/Tema 2 - POO/Hundir la Flota/HundirLaFlota/Tablero.cs - . . . . . . . . . . 
2023-10-27 13:42:10,861 [1] INFO /Users/aitor/MEGA/Ciclo/2º/02_Desarollo de interfaces DAM/Tema 2 - POO/Hundir la Flota/HundirLaFlota/Tablero.cs - O O O . . . . . . . 
2023-10-27 13:42:10,861 [1] INFO /Users/aitor/MEGA/Ciclo/2º/02_Desarollo de interfaces DAM/Tema 2 - POO/Hundir la Flota/HundirLaFlota/Tablero.cs - . . . . . . . . . . 
2023-10-27 13:42:10,861 [1] INFO /Users/aitor/MEGA/Ciclo/2º/02_Desarollo de interfaces DAM/Tema 2 - POO/Hundir la Flota/HundirLaFlota/Tablero.cs - O O O O . . . . . . 
2023-10-27 13:42:10,861 [1] INFO /Users/aitor/MEGA/Ciclo/2º/02_Desarollo de interfaces DAM/Tema 2 - POO/Hundir la Flota/HundirLaFlota/Tablero.cs - . . . . . . . . . . 
2023-10-27 13:42:10,861 [1] INFO /Users/aitor/MEGA/Ciclo/2º/02_Desarollo de interfaces DAM/Tema 2 - POO/Hundir la Flota/HundirLaFlota/Tablero.cs - O O O O O . . . . . 
2023-10-27 13:42:10,871 [1] INFO /Users/aitor/MEGA/Ciclo/2º/02_Desarollo de interfaces DAM/Tema 2 - POO/Hundir la Flota/HundirLaFlota/Tablero.cs - . . . . . . . . . . 
2023-10-27 13:42:10,871 [1] INFO /Users/aitor/MEGA/Ciclo/2º/02_Desarollo de interfaces DAM/Tema 2 - POO/Hundir la Flota/HundirLaFlota/Tablero.cs - . . . . . . . . . . 
2023-10-27 13:42:10,871 [1] INFO /Users/aitor/MEGA/Ciclo/2º/02_Desarollo de interfaces DAM/Tema 2 - POO/Hundir la Flota/HundirLaFlota/Tablero.cs - . . . . . . . . . . 
2023-10-27 13:42:10,871 [1] INFO /Users/aitor/MEGA/Ciclo/2º/02_Desarollo de interfaces DAM/Tema 2 - POO/Hundir la Flota/HundirLaFlota/Tablero.cs - . . . . . . . . . . 
2023-10-27 13:42:10,871 [1] INFO /Users/aitor/MEGA/Ciclo/2º/02_Desarollo de interfaces DAM/Tema 2 - POO/Hundir la Flota/HundirLaFlota/Tablero.cs - . . . . . . . . . . 
2023-10-27 13:42:10,878 [1] INFO /Users/aitor/MEGA/Ciclo/2º/02_Desarollo de interfaces DAM/Tema 2 - POO/Hundir la Flota/HundirLaFlota/Tablero.cs - . . . . . . . . . . 
2023-10-27 13:42:10,878 [1] INFO /Users/aitor/MEGA/Ciclo/2º/02_Desarollo de interfaces DAM/Tema 2 - POO/Hundir la Flota/HundirLaFlota/Tablero.cs - . . . . . . . . . . 
2023-10-27 13:42:10,878 [1] INFO /Users/aitor/MEGA/Ciclo/2º/02_Desarollo de interfaces DAM/Tema 2 - POO/Hundir la Flota/HundirLaFlota/Tablero.cs - . . . . . . . . . . 
2023-10-27 13:42:10,878 [1] INFO /Users/aitor/MEGA/Ciclo/2º/02_Desarollo de interfaces DAM/Tema 2 - POO/Hundir la Flota/HundirLaFlota/Tablero.cs - . . . . . . . . . . 
2023-10-27 13:42:10,878 [1] INFO /Users/aitor/MEGA/Ciclo/2º/02_Desarollo de interfaces DAM/Tema 2 - POO/Hundir la Flota/HundirLaFlota/Tablero.cs - . . . . . . . . . . 
2023-10-27 13:42:10,878 [1] INFO /Users/aitor/MEGA/Ciclo/2º/02_Desarollo de interfaces DAM/Tema 2 - POO/Hundir la Flota/HundirLaFlota/Tablero.cs - . . . . . . . . . . 
2023-10-27 13:42:13,941 [1] INFO /Users/aitor/MEGA/Ciclo/2º/02_Desarollo de interfaces DAM/Tema 2 - POO/Hundir la Flota/HundirLaFlota/Tablero.cs - . . . . . . . . . . 
2023-10-27 13:42:13,941 [1] INFO /Users/aitor/MEGA/Ciclo/2º/02_Desarollo de interfaces DAM/Tema 2 - POO/Hundir la Flota/HundirLaFlota/Tablero.cs - . . . . . . . . . . 
2023-10-27 13:42:13,941 [1] INFO /Users/aitor/MEGA/Ciclo/2º/02_Desarollo de interfaces DAM/Tema 2 - POO/Hundir la Flota/HundirLaFlota/Tablero.cs - . . . . . . . . . . 
2023-10-27 13:42:13,941 [1] INFO /Users/aitor/MEGA/Ciclo/2º/02_Desarollo de interfaces DAM/Tema 2 - POO/Hundir la Flota/HundirLaFlota/Tablero.cs - . . . . . . . . . . 
2023-10-27 13:42:13,941 [1] INFO /Users/aitor/MEGA/Ciclo/2º/02_Desarollo de interfaces DAM/Tema 2 - POO/Hundir la Flota/HundirLaFlota/Tablero.cs - . . . . . . . . . . 
2023-10-27 13:42:13,942 [1] INFO /Users/aitor/MEGA/Ciclo/2º/02_Desarollo de interfaces DAM/Tema 2 - POO/Hundir la Flota/HundirLaFlota/Tablero.cs - . . . . . . . . . . 
2023-10-27 13:42:13,942 [1] INFO /Users/aitor/MEGA/Ciclo/2º/02_Desarollo de interfaces DAM/Tema 2 - POO/Hundir la Flota/HundirLaFlota/Tablero.cs - . . . . . . . . . . 
2023-10-27 13:42:13,942 [1] INFO /Users/aitor/MEGA/Ciclo/2º/02_Desarollo de interfaces DAM/Tema 2 - POO/Hundir la Flota/HundirLaFlota/Tablero.cs - . . . . . . . . . . 
2023-10-27 13:42:13,944 [1] INFO /Users/aitor/MEGA/Ciclo/2º/02_Desarollo de interfaces DAM/Tema 2 - POO/Hundir la Flota/HundirLaFlota/Tablero.cs - . . . . . . . . . . 
2023-10-27 13:42:13,944 [1] INFO /Users/aitor/MEGA/Ciclo/2º/02_Desarollo de interfaces DAM/Tema 2 - POO/Hundir la Flota/HundirLaFlota/Tablero.cs - . . . . . . . . . . 
2023-10-27 13:42:15,495 [1] INFO /Users/aitor/MEGA/Ciclo/2º/02_Desarollo de interfaces DAM/Tema 2 - POO/Hundir la Flota/HundirLaFlota/Tablero.cs - Fila 0, Columna 0: Barco
2023-10-27 13:42:15,498 [1] INFO /Users/aitor/MEGA/Ciclo/2º/02_Desarollo de interfaces DAM/Tema 2 - POO/Hundir la Flota/HundirLaFlota/Tablero.cs - Fila 2, Columna 0: Barco
2023-10-27 13:42:15,498 [1] INFO /Users/aitor/MEGA/Ciclo/2º/02_Desarollo de interfaces DAM/Tema 2 - POO/Hundir la Flota/HundirLaFlota/Tablero.cs - Fila 2, Columna 1: Tocado
2023-10-27 13:42:15,498 [1] INFO /Users/aitor/MEGA/Ciclo/2º/02_Desarollo de interfaces DAM/Tema 2 - POO/Hundir la Flota/HundirLaFlota/Tablero.cs - Fila 4, Columna 0: Barco
2023-10-27 13:42:15,498 [1] INFO /Users/aitor/MEGA/Ciclo/2º/02_Desarollo de interfaces DAM/Tema 2 - POO/Hundir la Flota/HundirLaFlota/Tablero.cs - Fila 4, Columna 1: Barco
2023-10-27 13:42:15,498 [1] INFO /Users/aitor/MEGA/Ciclo/2º/02_Desarollo de interfaces DAM/Tema 2 - POO/Hundir la Flota/HundirLaFlota/Tablero.cs - Fila 4, Columna 2: Barco
2023-10-27 13:42:15,498 [1] INFO /Users/aitor/MEGA/Ciclo/2º/02_Desarollo de interfaces DAM/Tema 2 - POO/Hundir la Flota/HundirLaFlota/Tablero.cs - Fila 6, Columna 0: Barco
2023-10-27 13:42:15,498 [1] INFO /Users/aitor/MEGA/Ciclo/2º/02_Desarollo de interfaces DAM/Tema 2 - POO/Hundir la Flota/HundirLaFlota/Tablero.cs - Fila 6, Columna 1: Barco
2023-10-27 13:42:15,498 [1] INFO /Users/aitor/MEGA/Ciclo/2º/02_Desarollo de interfaces DAM/Tema 2 - POO/Hundir la Flota/HundirLaFlota/Tablero.cs - Fila 6, Columna 2: Barco
2023-10-27 13:42:15,498 [1] INFO /Users/aitor/MEGA/Ciclo/2º/02_Desarollo de interfaces DAM/Tema 2 - POO/Hundir la Flota/HundirLaFlota/Tablero.cs - Fila 6, Columna 3: Barco
2023-10-27 13:42:15,498 [1] INFO /Users/aitor/MEGA/Ciclo/2º/02_Desarollo de interfaces DAM/Tema 2 - POO/Hundir la Flota/HundirLaFlota/Tablero.cs - Fila 8, Columna 0: Barco
2023-10-27 13:42:15,498 [1] INFO /Users/aitor/MEGA/Ciclo/2º/02_Desarollo de interfaces DAM/Tema 2 - POO/Hundir la Flota/HundirLaFlota/Tablero.cs - Fila 8, Columna 1: Barco
2023-10-27 13:42:15,498 [1] INFO /Users/aitor/MEGA/Ciclo/2º/02_Desarollo de interfaces DAM/Tema 2 - POO/Hundir la Flota/HundirLaFlota/Tablero.cs - Fila 8, Columna 2: Barco
2023-10-27 13:42:15,498 [1] INFO /Users/aitor/MEGA/Ciclo/2º/02_Desarollo de interfaces DAM/Tema 2 - POO/Hundir la Flota/HundirLaFlota/Tablero.cs - Fila 8, Columna 3: Barco
2023-10-27 13:42:15,498 [1] INFO /Users/aitor/MEGA/Ciclo/2º/02_Desarollo de interfaces DAM/Tema 2 - POO/Hundir la Flota/HundirLaFlota/Tablero.cs - Fila 8, Columna 4: Barco
2023-10-27 17:00:16,071 [1] INFO /Users/aitor/MEGA/Ciclo/2º/02_Desarollo de interfaces DAM/Tema 2 - POO/Hundir la Flota/HundirLaFlota_v2/HundirLaFlota/Tablero.cs - O . . . . . . . . . 
2023-10-27 17:00:16,108 [1] INFO /Users/aitor/MEGA/Ciclo/2º/02_Desarollo de interfaces DAM/Tema 2 - POO/Hundir la Flota/HundirLaFlota_v2/HundirLaFlota/Tablero.cs - . . . . . . . . . . 
2023-10-27 17:00:16,108 [1] INFO /Users/aitor/MEGA/Ciclo/2º/02_Desarollo de interfaces DAM/Tema 2 - POO/Hundir la Flota/HundirLaFlota_v2/HundirLaFlota/Tablero.cs - . . . . . . . . . . 
2023-10-27 17:00:16,108 [1] INFO /Users/aitor/MEGA/Ciclo/2º/02_Desarollo de interfaces DAM/Tema 2 - POO/Hundir la Flota/HundirLaFlota_v2/HundirLaFlota/Tablero.cs - . . . . . . . . . . 
2023-10-27 17:00:16,108 [1] INFO /Users/aitor/MEGA/Ciclo/2º/02_Desarollo de interfaces DAM/Tema 2 - POO/Hundir la Flota/HundirLaFlota_v2/HundirLaFlota/Tablero.cs - . . . . . . . . . . 
2023-10-27 17:00:16,108 [1] INFO /Users/aitor/MEGA/Ciclo/2º/02_Desarollo de interfaces DAM/Tema 2 - POO/Hundir la Flota/HundirLaFlota_v2/HundirLaFlota/Tablero.cs - . . . . . . . . . . 
2023-10-27 17:00:16,108 [1] INFO /Users/aitor/MEGA/Ciclo/2º/02_Desarollo de interfaces DAM/Tema 2 - POO/Hundir la Flota/HundirLaFlota_v2/HundirLaFlota/Tablero.cs - . . . . . . . . . . 
2023-10-27 17:00:16,108 [1] INFO /Users/aitor/MEGA/Ciclo/2º/02_Desarollo de interfaces DAM/Tema 2 - POO/Hundir la Flota/HundirLaFlota_v2/HundirLaFlota/Tablero.cs - . . . . . . . . . . 
2023-10-27 17:00:16,108 [1] INFO /Users/aitor/MEGA/Ciclo/2º/02_Desarollo de interfaces DAM/Tema 2 - POO/Hundir la Flota/HundirLaFlota_v2/HundirLaFlota/Tablero.cs - . . . . . . . . . . 
2023-10-27 17:00:16,108 [1] INFO /Users/aitor/MEGA/Ciclo/2º/02_Desarollo de interfaces DAM/Tema 2 - POO/Hundir la Flota/HundirLaFlota_v2/HundirLaFlota/Tablero.cs - . . . . . . . . . . 
2023-10-27 17:00:19,134 [1] INFO /Users/aitor/MEGA/Ciclo/2º/02_Desarollo de interfaces DAM/Tema 2 - POO/Hundir la Flota/HundirLaFlota_v2/HundirLaFlota/Tablero.cs - O . . . . . . . . . 
2023-10-27 17:00:19,135 [1] INFO /Users/aitor/MEGA/Ciclo/2º/02_Desarollo de interfaces DAM/Tema 2 - POO/Hundir la Flota/HundirLaFlota_v2/HundirLaFlota/Tablero.cs - . . . . . . . . . . 
2023-10-27 17:00:19,135 [1] INFO /Users/aitor/MEGA/Ciclo/2º/02_Desarollo de interfaces DAM/Tema 2 - POO/Hundir la Flota/HundirLaFlota_v2/HundirLaFlota/Tablero.cs - . . . . . . . . . . 
2023-10-27 17:00:19,135 [1] INFO /Users/aitor/MEGA/Ciclo/2º/02_Desarollo de interfaces DAM/Tema 2 - POO/Hundir la Flota/HundirLaFlota_v2/HundirLaFlota/Tablero.cs - . . . . . . . . . . 
2023-10-27 17:00:19,135 [1] INFO /Users/aitor/MEGA/Ciclo/2º/02_Desarollo de interfaces DAM/Tema 2 - POO/Hundir la Flota/HundirLaFlota_v2/HundirLaFlota/Tablero.cs - . . . . . . . . . . 
2023-10-27 17:00:19,135 [1] INFO /Users/aitor/MEGA/Ciclo/2º/02_Desarollo de interfaces DAM/Tema 2 - POO/Hundir la Flota/HundirLaFlota_v2/HundirLaFlota/Tablero.cs - . . . . . . . . . . 
2023-10-27 17:00:19,136 [1] INFO /Users/aitor/MEGA/Ciclo/2º/02_Desarollo de interfaces DAM/Tema 2 - POO/Hundir la Flota/HundirLaFlota_v2/HundirLaFlota/Tablero.cs - . . . . . . . . . . 
2023-10-27 17:00:19,136 [1] INFO /Users/aitor/MEGA/Ciclo/2º/02_Desarollo de interfaces DAM/Tema 2 - POO/Hundir la Flota/HundirLaFlota_v2/HundirLaFlota/Tablero.cs - . . . . . . . . . . 
2023-10-27 17:00:19,136 [1] INFO /Users/aitor/MEGA/Ciclo/2º/02_Desarollo de interfaces DAM/Tema 2 - POO/Hundir la Flota/HundirLaFlota_v2/HundirLaFlota/Tablero.cs - . . . . . . . . . . 
2023-10-27 17:00:19,136 [1] INFO /Users/aitor/MEGA/Ciclo/2º/02_Desarollo de interfaces DAM/Tema 2 - POO/Hundir la Flota/HundirLaFlota_v2/HundirLaFlota/Tablero.cs - . . . . . . . . . . 
2023-10-27 17:00:20,932 [1] INFO /Users/aitor/MEGA/Ciclo/2º/02_Desarollo de interfaces DAM/Tema 2 - POO/Hundir la Flota/HundirLaFlota_v2/HundirLaFlota/Tablero.cs - O . . . . . . . . . 
2023-10-27 17:00:20,933 [1] INFO /Users/aitor/MEGA/Ciclo/2º/02_Desarollo de interfaces DAM/Tema 2 - POO/Hundir la Flota/HundirLaFlota_v2/HundirLaFlota/Tablero.cs - . . . . . . . . . . 
2023-10-27 17:00:20,933 [1] INFO /Users/aitor/MEGA/Ciclo/2º/02_Desarollo de interfaces DAM/Tema 2 - POO/Hundir la Flota/HundirLaFlota_v2/HundirLaFlota/Tablero.cs - O O . . . . . . . . 
2023-10-27 17:00:20,933 [1] INFO /Users/aitor/MEGA/Ciclo/2º/02_Desarollo de interfaces DAM/Tema 2 - POO/Hundir la Flota/HundirLaFlota_v2/HundirLaFlota/Tablero.cs - . . . . . . . . . . 
2023-10-27 17:00:20,933 [1] INFO /Users/aitor/MEGA/Ciclo/2º/02_Desarollo de interfaces DAM/Tema 2 - POO/Hundir la Flota/HundirLaFlota_v2/HundirLaFlota/Tablero.cs - . . . . . . . . . . 
2023-10-27 17:00:20,933 [1] INFO /Users/aitor/MEGA/Ciclo/2º/02_Desarollo de interfaces DAM/Tema 2 - POO/Hundir la Flota/HundirLaFlota_v2/HundirLaFlota/Tablero.cs - . . . . . . . . . . 
2023-10-27 17:00:20,934 [1] INFO /Users/aitor/MEGA/Ciclo/2º/02_Desarollo de interfaces DAM/Tema 2 - POO/Hundir la Flota/HundirLaFlota_v2/HundirLaFlota/Tablero.cs - . . . . . . . . . . 
2023-10-27 17:00:20,934 [1] INFO /Users/aitor/MEGA/Ciclo/2º/02_Desarollo de interfaces DAM/Tema 2 - POO/Hundir la Flota/HundirLaFlota_v2/HundirLaFlota/Tablero.cs - . . . . . . . . . . 
2023-10-27 17:00:20,934 [1] INFO /Users/aitor/MEGA/Ciclo/2º/02_Desarollo de interfaces DAM/Tema 2 - POO/Hundir la Flota/HundirLaFlota_v2/HundirLaFlota/Tablero.cs - . . . . . . . . . . 
2023-10-27 17:00:20,934 [1] INFO /Users/aitor/MEGA/Ciclo/2º/02_Desarollo de interfaces DAM/Tema 2 - POO/Hundir la Flota/HundirLaFlota_v2/HundirLaFlota/Tablero.cs - . . . . . . . . . . 
2023-10-27 17:00:22,375 [1] INFO /Users/aitor/MEGA/Ciclo/2º/02_Desarollo de interfaces DAM/Tema 2 - POO/Hundir la Flota/HundirLaFlota_v2/HundirLaFlota/Tablero.cs - O . . . . . . . . . 
2023-10-27 17:00:22,375 [1] INFO /Users/aitor/MEGA/Ciclo/2º/02_Desarollo de interfaces DAM/Tema 2 - POO/Hundir la Flota/HundirLaFlota_v2/HundirLaFlota/Tablero.cs - O O O . . . . . . . 
2023-10-27 17:00:22,375 [1] INFO /Users/aitor/MEGA/Ciclo/2º/02_Desarollo de interfaces DAM/Tema 2 - POO/Hundir la Flota/HundirLaFlota_v2/HundirLaFlota/Tablero.cs - O O . . . . . . . . 
2023-10-27 17:00:22,376 [1] INFO /Users/aitor/MEGA/Ciclo/2º/02_Desarollo de interfaces DAM/Tema 2 - POO/Hundir la Flota/HundirLaFlota_v2/HundirLaFlota/Tablero.cs - . . . . . . . . . . 
2023-10-27 17:00:22,376 [1] INFO /Users/aitor/MEGA/Ciclo/2º/02_Desarollo de interfaces DAM/Tema 2 - POO/Hundir la Flota/HundirLaFlota_v2/HundirLaFlota/Tablero.cs - . . . . . . . . . . 
2023-10-27 17:00:22,376 [1] INFO /Users/aitor/MEGA/Ciclo/2º/02_Desarollo de interfaces DAM/Tema 2 - POO/Hundir la Flota/HundirLaFlota_v2/HundirLaFlota/Tablero.cs - . . . . . . . . . . 
2023-10-27 17:00:22,378 [1] INFO /Users/aitor/MEGA/Ciclo/2º/02_Desarollo de interfaces DAM/Tema 2 - POO/Hundir la Flota/HundirLaFlota_v2/HundirLaFlota/Tablero.cs - . . . . . . . . . . 
2023-10-27 17:00:22,378 [1] INFO /Users/aitor/MEGA/Ciclo/2º/02_Desarollo de interfaces DAM/Tema 2 - POO/Hundir la Flota/HundirLaFlota_v2/HundirLaFlota/Tablero.cs - . . . . . . . . . . 
2023-10-27 17:00:22,378 [1] INFO /Users/aitor/MEGA/Ciclo/2º/02_Desarollo de interfaces DAM/Tema 2 - POO/Hundir la Flota/HundirLaFlota_v2/HundirLaFlota/Tablero.cs - . . . . . . . . . . 
2023-10-27 17:00:22,378 [1] INFO /Users/aitor/MEGA/Ciclo/2º/02_Desarollo de interfaces DAM/Tema 2 - POO/Hundir la Flota/HundirLaFlota_v2/HundirLaFlota/Tablero.cs - . . . . . . . . . . 
2023-10-27 17:00:23,848 [1] INFO /Users/aitor/MEGA/Ciclo/2º/02_Desarollo de interfaces DAM/Tema 2 - POO/Hundir la Flota/HundirLaFlota_v2/HundirLaFlota/Tablero.cs - O . . . . . . . . . 
2023-10-27 17:00:23,849 [1] INFO /Users/aitor/MEGA/Ciclo/2º/02_Desarollo de interfaces DAM/Tema 2 - POO/Hundir la Flota/HundirLaFlota_v2/HundirLaFlota/Tablero.cs - O O O . . . . . . . 
2023-10-27 17:00:23,849 [1] INFO /Users/aitor/MEGA/Ciclo/2º/02_Desarollo de interfaces DAM/Tema 2 - POO/Hundir la Flota/HundirLaFlota_v2/HundirLaFlota/Tablero.cs - O O . . . . . . . . 
2023-10-27 17:00:23,849 [1] INFO /Users/aitor/MEGA/Ciclo/2º/02_Desarollo de interfaces DAM/Tema 2 - POO/Hundir la Flota/HundirLaFlota_v2/HundirLaFlota/Tablero.cs - . . . . . . . . . . 
2023-10-27 17:00:23,849 [1] INFO /Users/aitor/MEGA/Ciclo/2º/02_Desarollo de interfaces DAM/Tema 2 - POO/Hundir la Flota/HundirLaFlota_v2/HundirLaFlota/Tablero.cs - O O O O . . . . . . 
2023-10-27 17:00:23,849 [1] INFO /Users/aitor/MEGA/Ciclo/2º/02_Desarollo de interfaces DAM/Tema 2 - POO/Hundir la Flota/HundirLaFlota_v2/HundirLaFlota/Tablero.cs - . . . . . . . . . . 
2023-10-27 17:00:23,851 [1] INFO /Users/aitor/MEGA/Ciclo/2º/02_Desarollo de interfaces DAM/Tema 2 - POO/Hundir la Flota/HundirLaFlota_v2/HundirLaFlota/Tablero.cs - . . . . . . . . . . 
2023-10-27 17:00:23,851 [1] INFO /Users/aitor/MEGA/Ciclo/2º/02_Desarollo de interfaces DAM/Tema 2 - POO/Hundir la Flota/HundirLaFlota_v2/HundirLaFlota/Tablero.cs - . . . . . . . . . . 
2023-10-27 17:00:23,851 [1] INFO /Users/aitor/MEGA/Ciclo/2º/02_Desarollo de interfaces DAM/Tema 2 - POO/Hundir la Flota/HundirLaFlota_v2/HundirLaFlota/Tablero.cs - . . . . . . . . . . 
2023-10-27 17:00:23,851 [1] INFO /Users/aitor/MEGA/Ciclo/2º/02_Desarollo de interfaces DAM/Tema 2 - POO/Hundir la Flota/HundirLaFlota_v2/HundirLaFlota/Tablero.cs - . . . . . . . . . . 
2023-10-27 17:00:25,642 [1] INFO /Users/aitor/MEGA/Ciclo/2º/02_Desarollo de interfaces DAM/Tema 2 - POO/Hundir la Flota/HundirLaFlota_v2/HundirLaFlota/Tablero.cs - O . . . . . . . . . 
2023-10-27 17:00:25,643 [1] INFO /Users/aitor/MEGA/Ciclo/2º/02_Desarollo de interfaces DAM/Tema 2 - POO/Hundir la Flota/HundirLaFlota_v2/HundirLaFlota/Tablero.cs - O O O . . . . . . . 
2023-10-27 17:00:25,643 [1] INFO /Users/aitor/MEGA/Ciclo/2º/02_Desarollo de interfaces DAM/Tema 2 - POO/Hundir la Flota/HundirLaFlota_v2/HundirLaFlota/Tablero.cs - O O . . . . . . . . 
2023-10-27 17:00:25,643 [1] INFO /Users/aitor/MEGA/Ciclo/2º/02_Desarollo de interfaces DAM/Tema 2 - POO/Hundir la Flota/HundirLaFlota_v2/HundirLaFlota/Tablero.cs - . . . . . . . . . . 
2023-10-27 17:00:25,643 [1] INFO /Users/aitor/MEGA/Ciclo/2º/02_Desarollo de interfaces DAM/Tema 2 - POO/Hundir la Flota/HundirLaFlota_v2/HundirLaFlota/Tablero.cs - O O O O . . . . . . 
2023-10-27 17:00:25,643 [1] INFO /Users/aitor/MEGA/Ciclo/2º/02_Desarollo de interfaces DAM/Tema 2 - POO/Hundir la Flota/HundirLaFlota_v2/HundirLaFlota/Tablero.cs - O O O O O . . . . . 
2023-10-27 17:00:25,647 [1] INFO /Users/aitor/MEGA/Ciclo/2º/02_Desarollo de interfaces DAM/Tema 2 - POO/Hundir la Flota/HundirLaFlota_v2/HundirLaFlota/Tablero.cs - . . . . . . . . . . 
2023-10-27 17:00:25,647 [1] INFO /Users/aitor/MEGA/Ciclo/2º/02_Desarollo de interfaces DAM/Tema 2 - POO/Hundir la Flota/HundirLaFlota_v2/HundirLaFlota/Tablero.cs - . . . . . . . . . . 
2023-10-27 17:00:25,647 [1] INFO /Users/aitor/MEGA/Ciclo/2º/02_Desarollo de interfaces DAM/Tema 2 - POO/Hundir la Flota/HundirLaFlota_v2/HundirLaFlota/Tablero.cs - . . . . . . . . . . 
2023-10-27 17:00:25,647 [1] INFO /Users/aitor/MEGA/Ciclo/2º/02_Desarollo de interfaces DAM/Tema 2 - POO/Hundir la Flota/HundirLaFlota_v2/HundirLaFlota/Tablero.cs - . . . . . . . . . . 
2023-10-27 17:00:25,647 [1] INFO /Users/aitor/MEGA/Ciclo/2º/02_Desarollo de interfaces DAM/Tema 2 - POO/Hundir la Flota/HundirLaFlota_v2/HundirLaFlota/Tablero.cs - O . . . . . . . . . 
2023-10-27 17:00:25,647 [1] INFO /Users/aitor/MEGA/Ciclo/2º/02_Desarollo de interfaces DAM/Tema 2 - POO/Hundir la Flota/HundirLaFlota_v2/HundirLaFlota/Tablero.cs - O O O . . . . . . . 
2023-10-27 17:00:25,652 [1] INFO /Users/aitor/MEGA/Ciclo/2º/02_Desarollo de interfaces DAM/Tema 2 - POO/Hundir la Flota/HundirLaFlota_v2/HundirLaFlota/Tablero.cs - O O . . . . . . . . 
2023-10-27 17:00:25,652 [1] INFO /Users/aitor/MEGA/Ciclo/2º/02_Desarollo de interfaces DAM/Tema 2 - POO/Hundir la Flota/HundirLaFlota_v2/HundirLaFlota/Tablero.cs - . . . . . . . . . . 
2023-10-27 17:00:25,653 [1] INFO /Users/aitor/MEGA/Ciclo/2º/02_Desarollo de interfaces DAM/Tema 2 - POO/Hundir la Flota/HundirLaFlota_v2/HundirLaFlota/Tablero.cs - O O O O . . . . . . 
2023-10-27 17:00:25,653 [1] INFO /Users/aitor/MEGA/Ciclo/2º/02_Desarollo de interfaces DAM/Tema 2 - POO/Hundir la Flota/HundirLaFlota_v2/HundirLaFlota/Tablero.cs - O O O O O . . . . . 
2023-10-27 17:00:25,653 [1] INFO /Users/aitor/MEGA/Ciclo/2º/02_Desarollo de interfaces DAM/Tema 2 - POO/Hundir la Flota/HundirLaFlota_v2/HundirLaFlota/Tablero.cs - . . . . . . . . . . 
2023-10-27 17:00:25,658 [1] INFO /Users/aitor/MEGA/Ciclo/2º/02_Desarollo de interfaces DAM/Tema 2 - POO/Hundir la Flota/HundirLaFlota_v2/HundirLaFlota/Tablero.cs - . . . . . . . . . . 
2023-10-27 17:00:25,658 [1] INFO /Users/aitor/MEGA/Ciclo/2º/02_Desarollo de interfaces DAM/Tema 2 - POO/Hundir la Flota/HundirLaFlota_v2/HundirLaFlota/Tablero.cs - . . . . . . . . . . 
2023-10-27 17:00:25,658 [1] INFO /Users/aitor/MEGA/Ciclo/2º/02_Desarollo de interfaces DAM/Tema 2 - POO/Hundir la Flota/HundirLaFlota_v2/HundirLaFlota/Tablero.cs - . . . . . . . . . . 
2023-10-27 17:00:25,659 [1] INFO /Users/aitor/MEGA/Ciclo/2º/02_Desarollo de interfaces DAM/Tema 2 - POO/Hundir la Flota/HundirLaFlota_v2/HundirLaFlota/Tablero.cs - . . . . . . . . . . 
2023-10-27 17:00:25,662 [1] INFO /Users/aitor/MEGA/Ciclo/2º/02_Desarollo de interfaces DAM/Tema 2 - POO/Hundir la Flota/HundirLaFlota_v2/HundirLaFlota/Tablero.cs - . . . . . . . . . . 
2023-10-27 17:00:25,662 [1] INFO /Users/aitor/MEGA/Ciclo/2º/02_Desarollo de interfaces DAM/Tema 2 - POO/Hundir la Flota/HundirLaFlota_v2/HundirLaFlota/Tablero.cs - . . . . . . . . . . 
2023-10-27 17:00:25,663 [1] INFO /Users/aitor/MEGA/Ciclo/2º/02_Desarollo de interfaces DAM/Tema 2 - POO/Hundir la Flota/HundirLaFlota_v2/HundirLaFlota/Tablero.cs - . . . . . . . . . . 
2023-10-27 17:00:25,663 [1] INFO /Users/aitor/MEGA/Ciclo/2º/02_Desarollo de interfaces DAM/Tema 2 - POO/Hundir la Flota/HundirLaFlota_v2/HundirLaFlota/Tablero.cs - . . . . . . . . . . 
2023-10-27 17:00:25,663 [1] INFO /Users/aitor/MEGA/Ciclo/2º/02_Desarollo de interfaces DAM/Tema 2 - POO/Hundir la Flota/HundirLaFlota_v2/HundirLaFlota/Tablero.cs - . . . . . . . . . . 
2023-10-27 17:00:25,663 [1] INFO /Users/aitor/MEGA/Ciclo/2º/02_Desarollo de interfaces DAM/Tema 2 - POO/Hundir la Flota/HundirLaFlota_v2/HundirLaFlota/Tablero.cs - . . . . . . . . . . 
2023-10-27 17:00:25,672 [1] INFO /Users/aitor/MEGA/Ciclo/2º/02_Desarollo de interfaces DAM/Tema 2 - POO/Hundir la Flota/HundirLaFlota_v2/HundirLaFlota/Tablero.cs - . . . . . . . . . . 
2023-10-27 17:00:25,672 [1] INFO /Users/aitor/MEGA/Ciclo/2º/02_Desarollo de interfaces DAM/Tema 2 - POO/Hundir la Flota/HundirLaFlota_v2/HundirLaFlota/Tablero.cs - . . . . . . . . . . 
2023-10-27 17:00:25,672 [1] INFO /Users/aitor/MEGA/Ciclo/2º/02_Desarollo de interfaces DAM/Tema 2 - POO/Hundir la Flota/HundirLaFlota_v2/HundirLaFlota/Tablero.cs - . . . . . . . . . . 
2023-10-27 17:00:28,466 [1] INFO /Users/aitor/MEGA/Ciclo/2º/02_Desarollo de interfaces DAM/Tema 2 - POO/Hundir la Flota/HundirLaFlota_v2/HundirLaFlota/Tablero.cs - . . . . . . . . . . 
2023-10-27 17:00:28,466 [1] INFO /Users/aitor/MEGA/Ciclo/2º/02_Desarollo de interfaces DAM/Tema 2 - POO/Hundir la Flota/HundirLaFlota_v2/HundirLaFlota/Tablero.cs - . . . . . . . . . . 
2023-10-27 17:00:28,466 [1] INFO /Users/aitor/MEGA/Ciclo/2º/02_Desarollo de interfaces DAM/Tema 2 - POO/Hundir la Flota/HundirLaFlota_v2/HundirLaFlota/Tablero.cs - . . . . . . . . . . 
2023-10-27 17:00:28,466 [1] INFO /Users/aitor/MEGA/Ciclo/2º/02_Desarollo de interfaces DAM/Tema 2 - POO/Hundir la Flota/HundirLaFlota_v2/HundirLaFlota/Tablero.cs - . . . . . . . . . . 
2023-10-27 17:00:28,466 [1] INFO /Users/aitor/MEGA/Ciclo/2º/02_Desarollo de interfaces DAM/Tema 2 - POO/Hundir la Flota/HundirLaFlota_v2/HundirLaFlota/Tablero.cs - . . . . . . . . . . 
2023-10-27 17:00:28,466 [1] INFO /Users/aitor/MEGA/Ciclo/2º/02_Desarollo de interfaces DAM/Tema 2 - POO/Hundir la Flota/HundirLaFlota_v2/HundirLaFlota/Tablero.cs - . . . . . . . . . . 
2023-10-27 17:00:28,466 [1] INFO /Users/aitor/MEGA/Ciclo/2º/02_Desarollo de interfaces DAM/Tema 2 - POO/Hundir la Flota/HundirLaFlota_v2/HundirLaFlota/Tablero.cs - . . . . . . . . . . 
2023-10-27 17:00:28,466 [1] INFO /Users/aitor/MEGA/Ciclo/2º/02_Desarollo de interfaces DAM/Tema 2 - POO/Hundir la Flota/HundirLaFlota_v2/HundirLaFlota/Tablero.cs - . . . . . . . . . . 
2023-10-27 17:00:28,466 [1] INFO /Users/aitor/MEGA/Ciclo/2º/02_Desarollo de interfaces DAM/Tema 2 - POO/Hundir la Flota/HundirLaFlota_v2/HundirLaFlota/Tablero.cs - . . . . . . . . . . 
2023-10-27 17:00:28,466 [1] INFO /Users/aitor/MEGA/Ciclo/2º/02_Desarollo de interfaces DAM/Tema 2 - POO/Hundir la Flota/HundirLaFlota_v2/HundirLaFlota/Tablero.cs - . . . . . . . . . . 
2023-10-27 17:00:29,888 [1] INFO /Users/aitor/MEGA/Ciclo/2º/02_Desarollo de interfaces DAM/Tema 2 - POO/Hundir la Flota/HundirLaFlota_v2/HundirLaFlota/Tablero.cs - Fila 0, Columna 0: Barco
2023-10-27 17:00:29,891 [1] INFO /Users/aitor/MEGA/Ciclo/2º/02_Desarollo de interfaces DAM/Tema 2 - POO/Hundir la Flota/HundirLaFlota_v2/HundirLaFlota/Tablero.cs - Fila 1, Columna 0: Barco
2023-10-27 17:00:29,891 [1] INFO /Users/aitor/MEGA/Ciclo/2º/02_Desarollo de interfaces DAM/Tema 2 - POO/Hundir la Flota/HundirLaFlota_v2/HundirLaFlota/Tablero.cs - Fila 1, Columna 1: Barco
2023-10-27 17:00:29,891 [1] INFO /Users/aitor/MEGA/Ciclo/2º/02_Desarollo de interfaces DAM/Tema 2 - POO/Hundir la Flota/HundirLaFlota_v2/HundirLaFlota/Tablero.cs - Fila 1, Columna 2: Barco
2023-10-27 17:00:29,891 [1] INFO /Users/aitor/MEGA/Ciclo/2º/02_Desarollo de interfaces DAM/Tema 2 - POO/Hundir la Flota/HundirLaFlota_v2/HundirLaFlota/Tablero.cs - Fila 2, Columna 0: Barco
2023-10-27 17:00:29,891 [1] INFO /Users/aitor/MEGA/Ciclo/2º/02_Desarollo de interfaces DAM/Tema 2 - POO/Hundir la Flota/HundirLaFlota_v2/HundirLaFlota/Tablero.cs - Fila 2, Columna 1: Barco
2023-10-27 17:00:29,891 [1] INFO /Users/aitor/MEGA/Ciclo/2º/02_Desarollo de interfaces DAM/Tema 2 - POO/Hundir la Flota/HundirLaFlota_v2/HundirLaFlota/Tablero.cs - Fila 4, Columna 0: Barco
2023-10-27 17:00:29,891 [1] INFO /Users/aitor/MEGA/Ciclo/2º/02_Desarollo de interfaces DAM/Tema 2 - POO/Hundir la Flota/HundirLaFlota_v2/HundirLaFlota/Tablero.cs - Fila 4, Columna 1: Barco
2023-10-27 17:00:29,891 [1] INFO /Users/aitor/MEGA/Ciclo/2º/02_Desarollo de interfaces DAM/Tema 2 - POO/Hundir la Flota/HundirLaFlota_v2/HundirLaFlota/Tablero.cs - Fila 4, Columna 2: Barco
2023-10-27 17:00:29,891 [1] INFO /Users/aitor/MEGA/Ciclo/2º/02_Desarollo de interfaces DAM/Tema 2 - POO/Hundir la Flota/HundirLaFlota_v2/HundirLaFlota/Tablero.cs - Fila 4, Columna 3: Barco
2023-10-27 17:00:29,891 [1] INFO /Users/aitor/MEGA/Ciclo/2º/02_Desarollo de interfaces DAM/Tema 2 - POO/Hundir la Flota/HundirLaFlota_v2/HundirLaFlota/Tablero.cs - Fila 4, Columna 5: Agua
2023-10-27 17:00:29,891 [1] INFO /Users/aitor/MEGA/Ciclo/2º/02_Desarollo de interfaces DAM/Tema 2 - POO/Hundir la Flota/HundirLaFlota_v2/HundirLaFlota/Tablero.cs - Fila 5, Columna 0: Barco
2023-10-27 17:00:29,891 [1] INFO /Users/aitor/MEGA/Ciclo/2º/02_Desarollo de interfaces DAM/Tema 2 - POO/Hundir la Flota/HundirLaFlota_v2/HundirLaFlota/Tablero.cs - Fila 5, Columna 1: Barco
2023-10-27 17:00:29,891 [1] INFO /Users/aitor/MEGA/Ciclo/2º/02_Desarollo de interfaces DAM/Tema 2 - POO/Hundir la Flota/HundirLaFlota_v2/HundirLaFlota/Tablero.cs - Fila 5, Columna 2: Barco
2023-10-27 17:00:29,891 [1] INFO /Users/aitor/MEGA/Ciclo/2º/02_Desarollo de interfaces DAM/Tema 2 - POO/Hundir la Flota/HundirLaFlota_v2/HundirLaFlota/Tablero.cs - Fila 5, Columna 3: Barco
2023-10-27 17:00:29,891 [1] INFO /Users/aitor/MEGA/Ciclo/2º/02_Desarollo de interfaces DAM/Tema 2 - POO/Hundir la Flota/HundirLaFlota_v2/HundirLaFlota/Tablero.cs - Fila 5, Columna 4: Barco
2023-10-27 17:00:31,157 [1] INFO /Users/aitor/MEGA/Ciclo/2º/02_Desarollo de interfaces DAM/Tema 2 - POO/Hundir la Flota/HundirLaFlota_v2/HundirLaFlota/Tablero.cs - . . . . . . . . . . 
2023-10-27 17:00:31,157 [1] INFO /Users/aitor/MEGA/Ciclo/2º/02_Desarollo de interfaces DAM/Tema 2 - POO/Hundir la Flota/HundirLaFlota_v2/HundirLaFlota/Tablero.cs - . . . . . . . . . . 
2023-10-27 17:00:31,157 [1] INFO /Users/aitor/MEGA/Ciclo/2º/02_Desarollo de interfaces DAM/Tema 2 - POO/Hundir la Flota/HundirLaFlota_v2/HundirLaFlota/Tablero.cs - . . . . . . . . . . 
2023-10-27 17:00:31,157 [1] INFO /Users/aitor/MEGA/Ciclo/2º/02_Desarollo de interfaces DAM/Tema 2 - POO/Hundir la Flota/HundirLaFlota_v2/HundirLaFlota/Tablero.cs - . . . . . . . . . . 
2023-10-27 17:00:31,157 [1] INFO /Users/aitor/MEGA/Ciclo/2º/02_Desarollo de interfaces DAM/Tema 2 - POO/Hundir la Flota/HundirLaFlota_v2/HundirLaFlota/Tablero.cs - . . . . . . . . . . 
2023-10-27 17:00:31,157 [1] INFO /Users/aitor/MEGA/Ciclo/2º/02_Desarollo de interfaces DAM/Tema 2 - POO/Hundir la Flota/HundirLaFlota_v2/HundirLaFlota/Tablero.cs - . . . . . . . . . . 
2023-10-27 17:00:31,157 [1] INFO /Users/aitor/MEGA/Ciclo/2º/02_Desarollo de interfaces DAM/Tema 2 - POO/Hundir la Flota/HundirLaFlota_v2/HundirLaFlota/Tablero.cs - . . . . . . . . . . 
2023-10-27 17:00:31,157 [1] INFO /Users/aitor/MEGA/Ciclo/2º/02_Desarollo de interfaces DAM/Tema 2 - POO/Hundir la Flota/HundirLaFlota_v2/HundirLaFlota/Tablero.cs - . . . . . . . . . . 
2023-10-27 17:00:31,157 [1] INFO /Users/aitor/MEGA/Ciclo/2º/02_Desarollo de interfaces DAM/Tema 2 - POO/Hundir la Flota/HundirLaFlota_v2/HundirLaFlota/Tablero.cs - . . . . . . . . . . 
2023-10-27 17:00:31,157 [1] INFO /Users/aitor/MEGA/Ciclo/2º/02_Desarollo de interfaces DAM/Tema 2 - POO/Hundir la Flota/HundirLaFlota_v2/HundirLaFlota/Tablero.cs - . . . . . . . . . . 
2023-10-27 17:02:37,329 [1] INFO /Users/aitor/MEGA/Ciclo/2º/02_Desarollo de interfaces DAM/Tema 2 - POO/Hundir la Flota/HundirLaFlota_v2/HundirLaFlota/Tablero.cs - O . . . . . . . . . 
2023-10-27 17:02:37,361 [1] INFO /Users/aitor/MEGA/Ciclo/2º/02_Desarollo de interfaces DAM/Tema 2 - POO/Hundir la Flota/HundirLaFlota_v2/HundirLaFlota/Tablero.cs - . . . . . . . . . . 
2023-10-27 17:02:37,362 [1] INFO /Users/aitor/MEGA/Ciclo/2º/02_Desarollo de interfaces DAM/Tema 2 - POO/Hundir la Flota/HundirLaFlota_v2/HundirLaFlota/Tablero.cs - . . . . . . . . . . 
2023-10-27 17:02:37,362 [1] INFO /Users/aitor/MEGA/Ciclo/2º/02_Desarollo de interfaces DAM/Tema 2 - POO/Hundir la Flota/HundirLaFlota_v2/HundirLaFlota/Tablero.cs - . . . . . . . . . . 
2023-10-27 17:02:37,362 [1] INFO /Users/aitor/MEGA/Ciclo/2º/02_Desarollo de interfaces DAM/Tema 2 - POO/Hundir la Flota/HundirLaFlota_v2/HundirLaFlota/Tablero.cs - . . . . . . . . . . 
2023-10-27 17:02:37,362 [1] INFO /Users/aitor/MEGA/Ciclo/2º/02_Desarollo de interfaces DAM/Tema 2 - POO/Hundir la Flota/HundirLaFlota_v2/HundirLaFlota/Tablero.cs - . . . . . . . . . . 
2023-10-27 17:02:37,362 [1] INFO /Users/aitor/MEGA/Ciclo/2º/02_Desarollo de interfaces DAM/Tema 2 - POO/Hundir la Flota/HundirLaFlota_v2/HundirLaFlota/Tablero.cs - . . . . . . . . . . 
2023-10-27 17:02:37,362 [1] INFO /Users/aitor/MEGA/Ciclo/2º/02_Desarollo de interfaces DAM/Tema 2 - POO/Hundir la Flota/HundirLaFlota_v2/HundirLaFlota/Tablero.cs - . . . . . . . . . . 
2023-10-27 17:02:37,362 [1] INFO /Users/aitor/MEGA/Ciclo/2º/02_Desarollo de interfaces DAM/Tema 2 - POO/Hundir la Flota/HundirLaFlota_v2/HundirLaFlota/Tablero.cs - . . . . . . . . . . 
2023-10-27 17:02:37,362 [1] INFO /Users/aitor/MEGA/Ciclo/2º/02_Desarollo de interfaces DAM/Tema 2 - POO/Hundir la Flota/HundirLaFlota_v2/HundirLaFlota/Tablero.cs - . . . . . . . . . . 
2023-10-28 18:48:20,098 [1] INFO C:\Users\Aitor\Documents\MEGA\Ciclo\2º\02_Desarollo de interfaces DAM\Tema 2 - POO\Hundir la Flota\HundirLaFlota_v2\HundirLaFlota\Tablero.cs - El barco ha sido colocado
2023-10-28 18:48:25,878 [1] INFO C:\Users\Aitor\Documents\MEGA\Ciclo\2º\02_Desarollo de interfaces DAM\Tema 2 - POO\Hundir la Flota\HundirLaFlota_v2\HundirLaFlota\Tablero.cs - El barco ha sido colocado
2023-10-28 18:48:27,295 [1] INFO C:\Users\Aitor\Documents\MEGA\Ciclo\2º\02_Desarollo de interfaces DAM\Tema 2 - POO\Hundir la Flota\HundirLaFlota_v2\HundirLaFlota\Tablero.cs - El barco ha sido colocado
2023-10-28 18:48:29,176 [1] INFO C:\Users\Aitor\Documents\MEGA\Ciclo\2º\02_Desarollo de interfaces DAM\Tema 2 - POO\Hundir la Flota\HundirLaFlota_v2\HundirLaFlota\Tablero.cs - El barco ha sido colocado
2023-10-28 18:48:30,709 [1] INFO C:\Users\Aitor\Documents\MEGA\Ciclo\2º\02_Desarollo de interfaces DAM\Tema 2 - POO\Hundir la Flota\HundirLaFlota_v2\HundirLaFlota\Tablero.cs - El barco ha sido colocado
2023-10-28 18:48:30,724 [1] INFO C:\Users\Aitor\Documents\MEGA\Ciclo\2º\02_Desarollo de interfaces DAM\Tema 2 - POO\Hundir la Flota\HundirLaFlota_v2\HundirLaFlota\Tablero.cs - El barco ha sido colocado
2023-10-28 18:48:30,725 [1] INFO C:\Users\Aitor\Documents\MEGA\Ciclo\2º\02_Desarollo de interfaces DAM\Tema 2 - POO\Hundir la Flota\HundirLaFlota_v2\HundirLaFlota\Tablero.cs - Barco del rival generado.
2023-10-28 18:48:30,725 [1] INFO C:\Users\Aitor\Documents\MEGA\Ciclo\2º\02_Desarollo de interfaces DAM\Tema 2 - POO\Hundir la Flota\HundirLaFlota_v2\HundirLaFlota\Tablero.cs - El barco ha sido colocado
2023-10-28 18:48:30,725 [1] INFO C:\Users\Aitor\Documents\MEGA\Ciclo\2º\02_Desarollo de interfaces DAM\Tema 2 - POO\Hundir la Flota\HundirLaFlota_v2\HundirLaFlota\Tablero.cs - Barco del rival generado.
2023-10-28 18:48:30,725 [1] INFO C:\Users\Aitor\Documents\MEGA\Ciclo\2º\02_Desarollo de interfaces DAM\Tema 2 - POO\Hundir la Flota\HundirLaFlota_v2\HundirLaFlota\Tablero.cs - El barco ha sido colocado
2023-10-28 18:48:30,725 [1] INFO C:\Users\Aitor\Documents\MEGA\Ciclo\2º\02_Desarollo de interfaces DAM\Tema 2 - POO\Hundir la Flota\HundirLaFlota_v2\HundirLaFlota\Tablero.cs - Barco del rival generado.
2023-10-28 18:48:30,725 [1] INFO C:\Users\Aitor\Documents\MEGA\Ciclo\2º\02_Desarollo de interfaces DAM\Tema 2 - POO\Hundir la Flota\HundirLaFlota_v2\HundirLaFlota\Tablero.cs - El barco ha sido colocado
2023-10-28 18:48:30,725 [1] INFO C:\Users\Aitor\Documents\MEGA\Ciclo\2º\02_Desarollo de interfaces DAM\Tema 2 - POO\Hundir la Flota\HundirLaFlota_v2\HundirLaFlota\Tablero.cs - Barco del rival generado.
2023-10-28 18:48:30,725 [1] ERROR C:\Users\Aitor\Documents\MEGA\Ciclo\2º\02_Desarollo de interfaces DAM\Tema 2 - POO\Hundir la Flota\HundirLaFlota_v2\HundirLaFlota\Tablero.cs - El barco se sale del tablero
2023-10-28 18:48:30,725 [1] WARN C:\Users\Aitor\Documents\MEGA\Ciclo\2º\02_Desarollo de interfaces DAM\Tema 2 - POO\Hundir la Flota\HundirLaFlota_v2\HundirLaFlota\Tablero.cs - El barco del rival no se ha podido generar
2023-10-28 18:48:30,725 [1] INFO C:\Users\Aitor\Documents\MEGA\Ciclo\2º\02_Desarollo de interfaces DAM\Tema 2 - POO\Hundir la Flota\HundirLaFlota_v2\HundirLaFlota\Tablero.cs - Barco del rival generado.
2023-10-28 18:48:30,725 [1] INFO C:\Users\Aitor\Documents\MEGA\Ciclo\2º\02_Desarollo de interfaces DAM\Tema 2 - POO\Hundir la Flota\HundirLaFlota_v2\HundirLaFlota\Tablero.cs - El barco ha sido colocado
2023-10-28 18:48:30,725 [1] INFO C:\Users\Aitor\Documents\MEGA\Ciclo\2º\02_Desarollo de interfaces DAM\Tema 2 - POO\Hundir la Flota\HundirLaFlota_v2\HundirLaFlota\Tablero.cs - Barco del rival generado.
